<?xml version="1.0" encoding="UTF-8"?>
<!-- Generated by org.testng.reporters.JUnitXMLReporter -->
<testsuite ignored="6" hostname="Batman" failures="0" tests="1" name="Default test" time="1.203" errors="0" timestamp="2025-11-25T00:30:44 IST">
  <testcase classname="org.requests.ReqresUsers" name="getCookiesInfo" time="1.181"/>
  <testcase classname="org.requests.ReqresUsers" name="listOfUsers" time="0.0">
    <ignored/>
  </testcase> <!-- listOfUsers -->
  <testcase classname="org.requests.ReqresUsers" name="getUsers" time="0.0">
    <ignored/>
  </testcase> <!-- getUsers -->
  <testcase classname="org.requests.ReqresUsers" name="updateUser" time="0.0">
    <ignored/>
  </testcase> <!-- updateUser -->
  <testcase classname="org.requests.ReqresUsers" name="createUser" time="0.0">
    <ignored/>
  </testcase> <!-- createUser -->
  <testcase classname="org.requests.ReqresUsers" name="deleteUser" time="0.0">
    <ignored/>
  </testcase> <!-- deleteUser -->
  <testcase classname="org.requests.ReqresUsers" name="getUsersUsingPathAndQueryParameters" time="0.0">
    <ignored/>
  </testcase> <!-- getUsersUsingPathAndQueryParameters -->
</testsuite> <!-- Default test -->
