<?xml version="1.0" encoding="UTF-8"?>
<!-- Generated by org.testng.reporters.JUnitXMLReporter -->
<testsuite ignored="0" hostname="Batman" failures="0" tests="6" name="Default test" time="2.954" errors="0" timestamp="2025-11-24T20:46:43 IST">
  <testcase classname="org.requests.ReqresUsers" name="getUsersUsingPathAndQueryParameters" time="1.473"/>
  <testcase classname="org.requests.ReqresUsers" name="listOfUsers" time="0.117"/>
  <testcase classname="org.requests.ReqresUsers" name="getUsers" time="0.06"/>
  <testcase classname="org.requests.ReqresUsers" name="createUser" time="0.428"/>
  <testcase classname="org.requests.ReqresUsers" name="updateUser" time="0.617"/>
  <testcase classname="org.requests.ReqresUsers" name="deleteUser" time="0.223"/>
</testsuite> <!-- Default test -->
