<?xml version="1.0" encoding="UTF-8"?>
<testng-results ignored="9" total="10" passed="1" failed="0" skipped="0">
  <reporter-output>
  </reporter-output>
  <suite started-at="2025-11-25T17:32:56 IST" name="Default suite" finished-at="2025-11-25T17:32:57 IST" duration-ms="1561">
    <groups>
    </groups>
    <test started-at="2025-11-25T17:32:56 IST" name="Default test" finished-at="2025-11-25T17:32:57 IST" duration-ms="1561">
      <class name="org.requests.ReqresUsers">
        <test-method signature="validateUsingResponseObject()[pri:0, instance:org.requests.ReqresUsers@61322f9d]" started-at="2025-11-25T17:32:56 IST" name="validateUsingResponseObject" finished-at="2025-11-25T17:32:57 IST" duration-ms="1538" status="PASS">
          <reporter-output>
          </reporter-output>
        </test-method> <!-- validateUsingResponseObject -->
      </class> <!-- org.requests.ReqresUsers -->
    </test> <!-- Default test -->
  </suite> <!-- Default suite -->
</testng-results>
