<?xml version="1.0" encoding="UTF-8"?>
<testng-results ignored="10" total="11" passed="1" failed="0" skipped="0">
  <reporter-output>
  </reporter-output>
  <suite started-at="2025-11-25T22:05:42 IST" name="Default suite" finished-at="2025-11-25T22:05:44 IST" duration-ms="1153">
    <groups>
    </groups>
    <test started-at="2025-11-25T22:05:42 IST" name="Default test" finished-at="2025-11-25T22:05:44 IST" duration-ms="1153">
      <class name="org.requests.ReqresUsers">
        <test-method signature="traversingThroughJsonArray()[pri:0, instance:org.requests.ReqresUsers@6ad82709]" started-at="2025-11-25T22:05:42 IST" name="traversingThroughJsonArray" finished-at="2025-11-25T22:05:44 IST" duration-ms="1130" status="PASS">
          <reporter-output>
          </reporter-output>
        </test-method> <!-- traversingThroughJsonArray -->
      </class> <!-- org.requests.ReqresUsers -->
    </test> <!-- Default test -->
  </suite> <!-- Default suite -->
</testng-results>
