<?xml version="1.0" encoding="UTF-8"?>
<!-- Generated by org.testng.reporters.JUnitReportReporter -->
<testsuite hostname="Batman" failures="0" tests="4" name="org.requests.HTTPRequests" time="3.145" errors="0" timestamp="2025-11-21T23:10:52 IST" skipped="0">
  <testcase classname="org.requests.HTTPRequests" name="getUsers" time="1.320"/>
  <system-out/>
  <testcase classname="org.requests.HTTPRequests" name="createUser" time="0.941"/>
  <system-out/>
  <testcase classname="org.requests.HTTPRequests" name="updateUser" time="0.460"/>
  <system-out/>
  <testcase classname="org.requests.HTTPRequests" name="deleteUser" time="0.424"/>
  <system-out/>
</testsuite> <!-- org.requests.HTTPRequests -->
