<?xml version="1.0" encoding="UTF-8"?>
<!-- Generated by org.testng.reporters.JUnitReportReporter -->
<testsuite hostname="Batman" failures="0" tests="6" name="org.requests.ReqresUsers" time="3.019" errors="0" timestamp="2025-11-24T22:49:58 IST" skipped="0">
  <testcase classname="org.requests.ReqresUsers" name="getUsersUsingPathAndQueryParameters" time="1.507"/>
  <system-out/>
  <testcase classname="org.requests.ReqresUsers" name="listOfUsers" time="0.117"/>
  <system-out/>
  <testcase classname="org.requests.ReqresUsers" name="getUsers" time="0.062"/>
  <system-out/>
  <testcase classname="org.requests.ReqresUsers" name="createUser" time="0.426"/>
  <system-out/>
  <testcase classname="org.requests.ReqresUsers" name="updateUser" time="0.535"/>
  <system-out/>
  <testcase classname="org.requests.ReqresUsers" name="deleteUser" time="0.372"/>
  <system-out/>
</testsuite> <!-- org.requests.ReqresUsers -->
