<?xml version="1.0" encoding="UTF-8"?>
<!-- Generated by org.testng.reporters.JUnitReportReporter -->
<testsuite hostname="Batman" failures="0" tests="6" name="org.requests.ReqresUsers" time="2.918" errors="0" timestamp="2025-11-24T20:46:44 IST" skipped="0">
  <testcase classname="org.requests.ReqresUsers" name="getUsersUsingPathAndQueryParameters" time="1.473"/>
  <system-out/>
  <testcase classname="org.requests.ReqresUsers" name="listOfUsers" time="0.117"/>
  <system-out/>
  <testcase classname="org.requests.ReqresUsers" name="getUsers" time="0.060"/>
  <system-out/>
  <testcase classname="org.requests.ReqresUsers" name="createUser" time="0.428"/>
  <system-out/>
  <testcase classname="org.requests.ReqresUsers" name="updateUser" time="0.617"/>
  <system-out/>
  <testcase classname="org.requests.ReqresUsers" name="deleteUser" time="0.223"/>
  <system-out/>
</testsuite> <!-- org.requests.ReqresUsers -->
